╔════════════╤═══════════════════════════════════════════════╤════════════════════════════════════════════════════╤════════════════════════════════╗
║ Level      │ Message                                       │ Source                                             │ Date                           ║

╔════════════╤═══════════════════════════════════════════════╤════════════════════════════════════════════════════╤════════════════════════════════╗
║ ERROR      │ Please authenticate                           │ /home/josh/Pictures/train.js/app.ts:200:8          │ February 3rd 2021, 1:12:00 am  ║
╚════════════╧═══════════════════════════════════════════════╧════════════════════════════════════════════════════╧════════════════════════════════╝

╔════════════╤═══════════════════════════════════════════════╤════════════════════════════════════════════════════╤════════════════════════════════╗
║ Level      │ Message                                       │ Source                                             │ Date                           ║

{
  "LEVEL": "DEBUG",
  "Message": "josh",
  "Location": "/home/josh/Pictures/train.js/app.ts:202:8",
  "Date": "February 3rd 2021, 1:12:00 am"
}
╔════════════╤═══════════════════════════════════════════════╤════════════════════════════════════════════════════╤════════════════════════════════╗
║ ERROR      │ Please authenticate                           │ /home/josh/Pictures/train.js/app.ts:200:8          │ February 3rd 2021, 1:24:46 am  ║
╚════════════╧═══════════════════════════════════════════════╧════════════════════════════════════════════════════╧════════════════════════════════╝

{
  "LEVEL": "DEBUG",
  "Message": "josh",
  "Location": "/home/josh/Pictures/train.js/app.ts:202:8",
  "Date": "February 3rd 2021, 1:24:46 am"
}
╔════════════╤═══════════════════════════════════════════════╤════════════════════════════════════════════════════╤════════════════════════════════╗
║ ERROR      │ Please authenticate                           │ /home/josh/Pictures/train.js/app.ts:200:8          │ February 3rd 2021, 1:25:32 am  ║
╚════════════╧═══════════════════════════════════════════════╧════════════════════════════════════════════════════╧════════════════════════════════╝

{
  "LEVEL": "DEBUG",
  "Message": "josh",
  "Location": "/home/josh/Pictures/train.js/app.ts:202:8",
  "Date": "February 3rd 2021, 1:25:32 am"
}
╔════════════╤═══════════════════════════════════════════════╤════════════════════════════════════════════════════╤════════════════════════════════╗
║ ERROR      │ Please authenticate                           │ /home/josh/Pictures/train.js/app.ts:200:8          │ February 3rd 2021, 1:28:07 am  ║
╚════════════╧═══════════════════════════════════════════════╧════════════════════════════════════════════════════╧════════════════════════════════╝

{
  "LEVEL": "DEBUG",
  "Message": "josh",
  "Location": "/home/josh/Pictures/train.js/app.ts:202:8",
  "Date": "February 3rd 2021, 1:28:07 am"
}
