╔═══════╤════════════╤═════════════════════════════════════════════════╤═══════════════════════════╗
║ level │  Message   │                     Source                      │           Date            ║
╟───────┼────────────┼─────────────────────────────────────────────────┼───────────────────────────╢
║ INFO  │  Test - 1  │ /home/josh/Pictures/train.js/logger/app.ts:9:10 │ 2021-02-08T10:54:19+01:00 ║
╟───────┼────────────┼─────────────────────────────────────────────────┼───────────────────────────╢
║ INFO  │  Test - 2  │ /home/josh/Pictures/train.js/logger/app.ts:9:10 │ 2021-02-08T10:54:19+01:00 ║
╟───────┼────────────┼─────────────────────────────────────────────────┼───────────────────────────╢
║ INFO  │  Test - 3  │ /home/josh/Pictures/train.js/logger/app.ts:9:10 │ 2021-02-08T10:54:19+01:00 ║
╟───────┼────────────┼─────────────────────────────────────────────────┼───────────────────────────╢
║ INFO  │  Test - 4  │ /home/josh/Pictures/train.js/logger/app.ts:9:10 │ 2021-02-08T10:54:19+01:00 ║
╟───────┼────────────┼─────────────────────────────────────────────────┼───────────────────────────╢
║ INFO  │  Test - 5  │ /home/josh/Pictures/train.js/logger/app.ts:9:10 │ 2021-02-08T10:54:19+01:00 ║
╟───────┼────────────┼─────────────────────────────────────────────────┼───────────────────────────╢
║ INFO  │  Test - 6  │ /home/josh/Pictures/train.js/logger/app.ts:9:10 │ 2021-02-08T10:54:19+01:00 ║
╟───────┼────────────┼─────────────────────────────────────────────────┼───────────────────────────╢
║ INFO  │  Test - 7  │ /home/josh/Pictures/train.js/logger/app.ts:9:10 │ 2021-02-08T10:54:19+01:00 ║
╟───────┼────────────┼─────────────────────────────────────────────────┼───────────────────────────╢
║ INFO  │  Test - 8  │ /home/josh/Pictures/train.js/logger/app.ts:9:10 │ 2021-02-08T10:54:19+01:00 ║
╟───────┼────────────┼─────────────────────────────────────────────────┼───────────────────────────╢
║ INFO  │  Test - 9  │ /home/josh/Pictures/train.js/logger/app.ts:9:10 │ 2021-02-08T10:54:19+01:00 ║
╟───────┼────────────┼─────────────────────────────────────────────────┼───────────────────────────╢
║ INFO  │ Test - 10  │ /home/josh/Pictures/train.js/logger/app.ts:9:10 │ 2021-02-08T10:54:19+01:00 ║
╟───────┼────────────┼─────────────────────────────────────────────────┼───────────────────────────╢
║ INFO  │ Test - 11  │ /home/josh/Pictures/train.js/logger/app.ts:9:10 │ 2021-02-08T10:54:19+01:00 ║
╟───────┼────────────┼─────────────────────────────────────────────────┼───────────────────────────╢
║ INFO  │ Test - 12  │ /home/josh/Pictures/train.js/logger/app.ts:9:10 │ 2021-02-08T10:54:19+01:00 ║
╟───────┼────────────┼─────────────────────────────────────────────────┼───────────────────────────╢
║ INFO  │ Test - 13  │ /home/josh/Pictures/train.js/logger/app.ts:9:10 │ 2021-02-08T10:54:19+01:00 ║
╟───────┼────────────┼─────────────────────────────────────────────────┼───────────────────────────╢
║ INFO  │ Test - 14  │ /home/josh/Pictures/train.js/logger/app.ts:9:10 │ 2021-02-08T10:54:19+01:00 ║
╟───────┼────────────┼─────────────────────────────────────────────────┼───────────────────────────╢
║ INFO  │ Test - 15  │ /home/josh/Pictures/train.js/logger/app.ts:9:10 │ 2021-02-08T10:54:19+01:00 ║
╟───────┼────────────┼─────────────────────────────────────────────────┼───────────────────────────╢
║ INFO  │ Test - 16  │ /home/josh/Pictures/train.js/logger/app.ts:9:10 │ 2021-02-08T10:54:19+01:00 ║
╟───────┼────────────┼─────────────────────────────────────────────────┼───────────────────────────╢
║ INFO  │ Test - 17  │ /home/josh/Pictures/train.js/logger/app.ts:9:10 │ 2021-02-08T10:54:19+01:00 ║
╟───────┼────────────┼─────────────────────────────────────────────────┼───────────────────────────╢
║ INFO  │ Test - 18  │ /home/josh/Pictures/train.js/logger/app.ts:9:10 │ 2021-02-08T10:54:19+01:00 ║
╟───────┼────────────┼─────────────────────────────────────────────────┼───────────────────────────╢
║ INFO  │ Test - 19  │ /home/josh/Pictures/train.js/logger/app.ts:9:10 │ 2021-02-08T10:54:19+01:00 ║
╟───────┼────────────┼─────────────────────────────────────────────────┼───────────────────────────╢
║ INFO  │ Test - 20  │ /home/josh/Pictures/train.js/logger/app.ts:9:10 │ 2021-02-08T10:54:19+01:00 ║
╟───────┼────────────┼─────────────────────────────────────────────────┼───────────────────────────╢
║ INFO  │ Test - 21  │ /home/josh/Pictures/train.js/logger/app.ts:9:10 │ 2021-02-08T10:54:19+01:00 ║
╟───────┼────────────┼─────────────────────────────────────────────────┼───────────────────────────╢
║ INFO  │ Test - 22  │ /home/josh/Pictures/train.js/logger/app.ts:9:10 │ 2021-02-08T10:54:19+01:00 ║
╟───────┼────────────┼─────────────────────────────────────────────────┼───────────────────────────╢
║ INFO  │ Test - 23  │ /home/josh/Pictures/train.js/logger/app.ts:9:10 │ 2021-02-08T10:54:19+01:00 ║
╟───────┼────────────┼─────────────────────────────────────────────────┼───────────────────────────╢
║ INFO  │ Test - 24  │ /home/josh/Pictures/train.js/logger/app.ts:9:10 │ 2021-02-08T10:54:20+01:00 ║
╟───────┼────────────┼─────────────────────────────────────────────────┼───────────────────────────╢
║ INFO  │ Test - 25  │ /home/josh/Pictures/train.js/logger/app.ts:9:10 │ 2021-02-08T10:54:20+01:00 ║
╟───────┼────────────┼─────────────────────────────────────────────────┼───────────────────────────╢
║ INFO  │ Test - 26  │ /home/josh/Pictures/train.js/logger/app.ts:9:10 │ 2021-02-08T10:54:20+01:00 ║
╟───────┼────────────┼─────────────────────────────────────────────────┼───────────────────────────╢
║ INFO  │ Test - 27  │ /home/josh/Pictures/train.js/logger/app.ts:9:10 │ 2021-02-08T10:54:20+01:00 ║
╟───────┼────────────┼─────────────────────────────────────────────────┼───────────────────────────╢
║ INFO  │ Test - 28  │ /home/josh/Pictures/train.js/logger/app.ts:9:10 │ 2021-02-08T10:54:20+01:00 ║
╟───────┼────────────┼─────────────────────────────────────────────────┼───────────────────────────╢
║ INFO  │ Test - 29  │ /home/josh/Pictures/train.js/logger/app.ts:9:10 │ 2021-02-08T10:54:20+01:00 ║
╟───────┼────────────┼─────────────────────────────────────────────────┼───────────────────────────╢
║ INFO  │ Test - 30  │ /home/josh/Pictures/train.js/logger/app.ts:9:10 │ 2021-02-08T10:54:20+01:00 ║
╟───────┼────────────┼─────────────────────────────────────────────────┼───────────────────────────╢
║ INFO  │ Test - 31  │ /home/josh/Pictures/train.js/logger/app.ts:9:10 │ 2021-02-08T10:54:20+01:00 ║
╟───────┼────────────┼─────────────────────────────────────────────────┼───────────────────────────╢
║ INFO  │ Test - 32  │ /home/josh/Pictures/train.js/logger/app.ts:9:10 │ 2021-02-08T10:54:20+01:00 ║
╟───────┼────────────┼─────────────────────────────────────────────────┼───────────────────────────╢
║ INFO  │ Test - 33  │ /home/josh/Pictures/train.js/logger/app.ts:9:10 │ 2021-02-08T10:54:20+01:00 ║
╟───────┼────────────┼─────────────────────────────────────────────────┼───────────────────────────╢
║ INFO  │ Test - 34  │ /home/josh/Pictures/train.js/logger/app.ts:9:10 │ 2021-02-08T10:54:20+01:00 ║
╟───────┼────────────┼─────────────────────────────────────────────────┼───────────────────────────╢
║ INFO  │ Test - 35  │ /home/josh/Pictures/train.js/logger/app.ts:9:10 │ 2021-02-08T10:54:20+01:00 ║
╟───────┼────────────┼─────────────────────────────────────────────────┼───────────────────────────╢
║ INFO  │ Test - 36  │ /home/josh/Pictures/train.js/logger/app.ts:9:10 │ 2021-02-08T10:54:20+01:00 ║
╟───────┼────────────┼─────────────────────────────────────────────────┼───────────────────────────╢
║ INFO  │ Test - 37  │ /home/josh/Pictures/train.js/logger/app.ts:9:10 │ 2021-02-08T10:54:20+01:00 ║
╟───────┼────────────┼─────────────────────────────────────────────────┼───────────────────────────╢
║ INFO  │ Test - 38  │ /home/josh/Pictures/train.js/logger/app.ts:9:10 │ 2021-02-08T10:54:20+01:00 ║
╟───────┼────────────┼─────────────────────────────────────────────────┼───────────────────────────╢
║ INFO  │ Test - 39  │ /home/josh/Pictures/train.js/logger/app.ts:9:10 │ 2021-02-08T10:54:20+01:00 ║
╟───────┼────────────┼─────────────────────────────────────────────────┼───────────────────────────╢
║ INFO  │ Test - 40  │ /home/josh/Pictures/train.js/logger/app.ts:9:10 │ 2021-02-08T10:54:20+01:00 ║
╟───────┼────────────┼─────────────────────────────────────────────────┼───────────────────────────╢
║ INFO  │ Test - 41  │ /home/josh/Pictures/train.js/logger/app.ts:9:10 │ 2021-02-08T10:54:20+01:00 ║
╟───────┼────────────┼─────────────────────────────────────────────────┼───────────────────────────╢
║ INFO  │ Test - 42  │ /home/josh/Pictures/train.js/logger/app.ts:9:10 │ 2021-02-08T10:54:20+01:00 ║
╟───────┼────────────┼─────────────────────────────────────────────────┼───────────────────────────╢
║ INFO  │ Test - 43  │ /home/josh/Pictures/train.js/logger/app.ts:9:10 │ 2021-02-08T10:54:20+01:00 ║
╟───────┼────────────┼─────────────────────────────────────────────────┼───────────────────────────╢
║ INFO  │ Test - 44  │ /home/josh/Pictures/train.js/logger/app.ts:9:10 │ 2021-02-08T10:54:20+01:00 ║
╟───────┼────────────┼─────────────────────────────────────────────────┼───────────────────────────╢
║ INFO  │ Test - 45  │ /home/josh/Pictures/train.js/logger/app.ts:9:10 │ 2021-02-08T10:54:20+01:00 ║
╟───────┼────────────┼─────────────────────────────────────────────────┼───────────────────────────╢
║ INFO  │ Test - 46  │ /home/josh/Pictures/train.js/logger/app.ts:9:10 │ 2021-02-08T10:54:20+01:00 ║
╟───────┼────────────┼─────────────────────────────────────────────────┼───────────────────────────╢
║ INFO  │ Test - 47  │ /home/josh/Pictures/train.js/logger/app.ts:9:10 │ 2021-02-08T10:54:20+01:00 ║
╟───────┼────────────┼─────────────────────────────────────────────────┼───────────────────────────╢
║ INFO  │ Test - 48  │ /home/josh/Pictures/train.js/logger/app.ts:9:10 │ 2021-02-08T10:54:21+01:00 ║
╟───────┼────────────┼─────────────────────────────────────────────────┼───────────────────────────╢
║ INFO  │ Test - 49  │ /home/josh/Pictures/train.js/logger/app.ts:9:10 │ 2021-02-08T10:54:21+01:00 ║
╟───────┼────────────┼─────────────────────────────────────────────────┼───────────────────────────╢
║ INFO  │ Test - 50  │ /home/josh/Pictures/train.js/logger/app.ts:9:10 │ 2021-02-08T10:54:21+01:00 ║
╟───────┼────────────┼─────────────────────────────────────────────────┼───────────────────────────╢
║ INFO  │ Test - 51  │ /home/josh/Pictures/train.js/logger/app.ts:9:10 │ 2021-02-08T10:54:21+01:00 ║
╟───────┼────────────┼─────────────────────────────────────────────────┼───────────────────────────╢
║ INFO  │ Test - 52  │ /home/josh/Pictures/train.js/logger/app.ts:9:10 │ 2021-02-08T10:54:21+01:00 ║
╟───────┼────────────┼─────────────────────────────────────────────────┼───────────────────────────╢
║ INFO  │ Test - 53  │ /home/josh/Pictures/train.js/logger/app.ts:9:10 │ 2021-02-08T10:54:21+01:00 ║
╟───────┼────────────┼─────────────────────────────────────────────────┼───────────────────────────╢
║ INFO  │ Test - 54  │ /home/josh/Pictures/train.js/logger/app.ts:9:10 │ 2021-02-08T10:54:21+01:00 ║
╟───────┼────────────┼─────────────────────────────────────────────────┼───────────────────────────╢
║ INFO  │ Test - 55  │ /home/josh/Pictures/train.js/logger/app.ts:9:10 │ 2021-02-08T10:54:21+01:00 ║
╟───────┼────────────┼─────────────────────────────────────────────────┼───────────────────────────╢
║ INFO  │ Test - 56  │ /home/josh/Pictures/train.js/logger/app.ts:9:10 │ 2021-02-08T10:54:21+01:00 ║
╟───────┼────────────┼─────────────────────────────────────────────────┼───────────────────────────╢
║ INFO  │ Test - 57  │ /home/josh/Pictures/train.js/logger/app.ts:9:10 │ 2021-02-08T10:54:21+01:00 ║
╟───────┼────────────┼─────────────────────────────────────────────────┼───────────────────────────╢
║ INFO  │ Test - 58  │ /home/josh/Pictures/train.js/logger/app.ts:9:10 │ 2021-02-08T10:54:21+01:00 ║
╟───────┼────────────┼─────────────────────────────────────────────────┼───────────────────────────╢
║ INFO  │ Test - 59  │ /home/josh/Pictures/train.js/logger/app.ts:9:10 │ 2021-02-08T10:54:21+01:00 ║
╟───────┼────────────┼─────────────────────────────────────────────────┼───────────────────────────╢
║ INFO  │ Test - 60  │ /home/josh/Pictures/train.js/logger/app.ts:9:10 │ 2021-02-08T10:54:21+01:00 ║
╟───────┼────────────┼─────────────────────────────────────────────────┼───────────────────────────╢
║ INFO  │ Test - 61  │ /home/josh/Pictures/train.js/logger/app.ts:9:10 │ 2021-02-08T10:54:21+01:00 ║
╟───────┼────────────┼─────────────────────────────────────────────────┼───────────────────────────╢
║ INFO  │ Test - 62  │ /home/josh/Pictures/train.js/logger/app.ts:9:10 │ 2021-02-08T10:54:21+01:00 ║
╟───────┼────────────┼─────────────────────────────────────────────────┼───────────────────────────╢
║ INFO  │ Test - 63  │ /home/josh/Pictures/train.js/logger/app.ts:9:10 │ 2021-02-08T10:54:21+01:00 ║
╟───────┼────────────┼─────────────────────────────────────────────────┼───────────────────────────╢
║ INFO  │ Test - 64  │ /home/josh/Pictures/train.js/logger/app.ts:9:10 │ 2021-02-08T10:54:21+01:00 ║
╟───────┼────────────┼─────────────────────────────────────────────────┼───────────────────────────╢
║ INFO  │ Test - 65  │ /home/josh/Pictures/train.js/logger/app.ts:9:10 │ 2021-02-08T10:54:22+01:00 ║
╟───────┼────────────┼─────────────────────────────────────────────────┼───────────────────────────╢
║ INFO  │ Test - 66  │ /home/josh/Pictures/train.js/logger/app.ts:9:10 │ 2021-02-08T10:54:22+01:00 ║
╟───────┼────────────┼─────────────────────────────────────────────────┼───────────────────────────╢
║ INFO  │ Test - 67  │ /home/josh/Pictures/train.js/logger/app.ts:9:10 │ 2021-02-08T10:54:22+01:00 ║
╟───────┼────────────┼─────────────────────────────────────────────────┼───────────────────────────╢
║ INFO  │ Test - 68  │ /home/josh/Pictures/train.js/logger/app.ts:9:10 │ 2021-02-08T10:54:22+01:00 ║
╟───────┼────────────┼─────────────────────────────────────────────────┼───────────────────────────╢
║ INFO  │ Test - 69  │ /home/josh/Pictures/train.js/logger/app.ts:9:10 │ 2021-02-08T10:54:22+01:00 ║
╟───────┼────────────┼─────────────────────────────────────────────────┼───────────────────────────╢
║ INFO  │ Test - 70  │ /home/josh/Pictures/train.js/logger/app.ts:9:10 │ 2021-02-08T10:54:22+01:00 ║
╟───────┼────────────┼─────────────────────────────────────────────────┼───────────────────────────╢
║ INFO  │ Test - 71  │ /home/josh/Pictures/train.js/logger/app.ts:9:10 │ 2021-02-08T10:54:22+01:00 ║
╟───────┼────────────┼─────────────────────────────────────────────────┼───────────────────────────╢
║ INFO  │ Test - 72  │ /home/josh/Pictures/train.js/logger/app.ts:9:10 │ 2021-02-08T10:54:22+01:00 ║
╟───────┼────────────┼─────────────────────────────────────────────────┼───────────────────────────╢
║ INFO  │ Test - 73  │ /home/josh/Pictures/train.js/logger/app.ts:9:10 │ 2021-02-08T10:54:22+01:00 ║
╟───────┼────────────┼─────────────────────────────────────────────────┼───────────────────────────╢
║ INFO  │ Test - 74  │ /home/josh/Pictures/train.js/logger/app.ts:9:10 │ 2021-02-08T10:54:22+01:00 ║
╟───────┼────────────┼─────────────────────────────────────────────────┼───────────────────────────╢
║ INFO  │ Test - 75  │ /home/josh/Pictures/train.js/logger/app.ts:9:10 │ 2021-02-08T10:54:22+01:00 ║
╟───────┼────────────┼─────────────────────────────────────────────────┼───────────────────────────╢
║ INFO  │ Test - 76  │ /home/josh/Pictures/train.js/logger/app.ts:9:10 │ 2021-02-08T10:54:22+01:00 ║
╟───────┼────────────┼─────────────────────────────────────────────────┼───────────────────────────╢
║ INFO  │ Test - 77  │ /home/josh/Pictures/train.js/logger/app.ts:9:10 │ 2021-02-08T10:54:22+01:00 ║
╟───────┼────────────┼─────────────────────────────────────────────────┼───────────────────────────╢
║ INFO  │ Test - 78  │ /home/josh/Pictures/train.js/logger/app.ts:9:10 │ 2021-02-08T10:54:23+01:00 ║
╟───────┼────────────┼─────────────────────────────────────────────────┼───────────────────────────╢
║ INFO  │ Test - 79  │ /home/josh/Pictures/train.js/logger/app.ts:9:10 │ 2021-02-08T10:54:23+01:00 ║
╟───────┼────────────┼─────────────────────────────────────────────────┼───────────────────────────╢
║ INFO  │ Test - 80  │ /home/josh/Pictures/train.js/logger/app.ts:9:10 │ 2021-02-08T10:54:23+01:00 ║
╟───────┼────────────┼─────────────────────────────────────────────────┼───────────────────────────╢
║ INFO  │ Test - 81  │ /home/josh/Pictures/train.js/logger/app.ts:9:10 │ 2021-02-08T10:54:23+01:00 ║
╟───────┼────────────┼─────────────────────────────────────────────────┼───────────────────────────╢
║ INFO  │ Test - 82  │ /home/josh/Pictures/train.js/logger/app.ts:9:10 │ 2021-02-08T10:54:23+01:00 ║
╟───────┼────────────┼─────────────────────────────────────────────────┼───────────────────────────╢
║ INFO  │ Test - 83  │ /home/josh/Pictures/train.js/logger/app.ts:9:10 │ 2021-02-08T10:54:23+01:00 ║
╟───────┼────────────┼─────────────────────────────────────────────────┼───────────────────────────╢
║ INFO  │ Test - 84  │ /home/josh/Pictures/train.js/logger/app.ts:9:10 │ 2021-02-08T10:54:23+01:00 ║
╟───────┼────────────┼─────────────────────────────────────────────────┼───────────────────────────╢
║ INFO  │ Test - 85  │ /home/josh/Pictures/train.js/logger/app.ts:9:10 │ 2021-02-08T10:54:23+01:00 ║
╟───────┼────────────┼─────────────────────────────────────────────────┼───────────────────────────╢
║ INFO  │ Test - 86  │ /home/josh/Pictures/train.js/logger/app.ts:9:10 │ 2021-02-08T10:54:23+01:00 ║
╟───────┼────────────┼─────────────────────────────────────────────────┼───────────────────────────╢
║ INFO  │ Test - 87  │ /home/josh/Pictures/train.js/logger/app.ts:9:10 │ 2021-02-08T10:54:23+01:00 ║
╟───────┼────────────┼─────────────────────────────────────────────────┼───────────────────────────╢
║ INFO  │ Test - 88  │ /home/josh/Pictures/train.js/logger/app.ts:9:10 │ 2021-02-08T10:54:23+01:00 ║
╟───────┼────────────┼─────────────────────────────────────────────────┼───────────────────────────╢
║ INFO  │ Test - 89  │ /home/josh/Pictures/train.js/logger/app.ts:9:10 │ 2021-02-08T10:54:24+01:00 ║
╟───────┼────────────┼─────────────────────────────────────────────────┼───────────────────────────╢
║ INFO  │ Test - 90  │ /home/josh/Pictures/train.js/logger/app.ts:9:10 │ 2021-02-08T10:54:24+01:00 ║
╟───────┼────────────┼─────────────────────────────────────────────────┼───────────────────────────╢
║ INFO  │ Test - 91  │ /home/josh/Pictures/train.js/logger/app.ts:9:10 │ 2021-02-08T10:54:24+01:00 ║
╟───────┼────────────┼─────────────────────────────────────────────────┼───────────────────────────╢
║ INFO  │ Test - 92  │ /home/josh/Pictures/train.js/logger/app.ts:9:10 │ 2021-02-08T10:54:24+01:00 ║
╟───────┼────────────┼─────────────────────────────────────────────────┼───────────────────────────╢
║ INFO  │ Test - 93  │ /home/josh/Pictures/train.js/logger/app.ts:9:10 │ 2021-02-08T10:54:24+01:00 ║
╟───────┼────────────┼─────────────────────────────────────────────────┼───────────────────────────╢
║ INFO  │ Test - 94  │ /home/josh/Pictures/train.js/logger/app.ts:9:10 │ 2021-02-08T10:54:24+01:00 ║
╟───────┼────────────┼─────────────────────────────────────────────────┼───────────────────────────╢
║ INFO  │ Test - 95  │ /home/josh/Pictures/train.js/logger/app.ts:9:10 │ 2021-02-08T10:54:24+01:00 ║
╟───────┼────────────┼─────────────────────────────────────────────────┼───────────────────────────╢
║ INFO  │ Test - 96  │ /home/josh/Pictures/train.js/logger/app.ts:9:10 │ 2021-02-08T10:54:24+01:00 ║
╟───────┼────────────┼─────────────────────────────────────────────────┼───────────────────────────╢
║ INFO  │ Test - 97  │ /home/josh/Pictures/train.js/logger/app.ts:9:10 │ 2021-02-08T10:54:24+01:00 ║
╟───────┼────────────┼─────────────────────────────────────────────────┼───────────────────────────╢
║ INFO  │ Test - 98  │ /home/josh/Pictures/train.js/logger/app.ts:9:10 │ 2021-02-08T10:54:25+01:00 ║
╟───────┼────────────┼─────────────────────────────────────────────────┼───────────────────────────╢
║ INFO  │ Test - 99  │ /home/josh/Pictures/train.js/logger/app.ts:9:10 │ 2021-02-08T10:54:25+01:00 ║
╟───────┼────────────┼─────────────────────────────────────────────────┼───────────────────────────╢
║ INFO  │ Test - 100 │ /home/josh/Pictures/train.js/logger/app.ts:9:10 │ 2021-02-08T10:54:25+01:00 ║
╚═══════╧════════════╧═════════════════════════════════════════════════╧═══════════════════════════╝
